#! /usr/local/iverilog/bin/vvp
:ivl_version "11.0 (devel)" "(s20150603-642-g3bdb50da)";
:ivl_delay_selection "TYPICAL";
:vpi_time_precision - 11;
:vpi_module "system";
:vpi_module "vhdl_sys";
:vpi_module "vhdl_textio";
:vpi_module "v2005_math";
:vpi_module "va_math";
S_0000000000883ba0 .scope module, "ctrl_tb" "ctrl_tb" 2 3;
 .timescale -9 -11;
v00000000008d9170_0 .net "bram0_addrb", 9 0, v0000000000871020_0;  1 drivers
v00000000008d8a90_0 .net "bram0_enb", 0 0, v00000000008713e0_0;  1 drivers
v00000000008d8ef0_0 .net "bram1_addrb", 9 0, v0000000000870b20_0;  1 drivers
v00000000008d9990_0 .net "bram1_enb", 0 0, v0000000000870d00_0;  1 drivers
v00000000008d9030_0 .net "bram1_web", 3 0, v0000000000871520_0;  1 drivers
v00000000008d8950_0 .net "busy", 0 0, L_00000000008d90d0;  1 drivers
v00000000008d86d0_0 .var "clk", 0 0;
v00000000008d9350_0 .net "dsp_alumode", 3 0, v00000000008710c0_0;  1 drivers
v00000000008d9c10_0 .net "dsp_inmode", 4 0, v0000000000871160_0;  1 drivers
v00000000008d8130_0 .net "dsp_opmode", 6 0, v00000000008715c0_0;  1 drivers
v00000000008d8590_0 .var "inst", 31 0;
v00000000008d8270_0 .var "rst_n", 0 0;
v00000000008d9ad0_0 .var "start", 0 0;
v00000000008d8770_0 .net "valid", 0 0, L_00000000008d9490;  1 drivers
S_0000000000883d30 .scope module, "c1" "controller" 2 14, 3 1 0, S_0000000000883ba0;
 .timescale 0 0;
    .port_info 0 /INPUT 1 "clk";
    .port_info 1 /INPUT 1 "rst_n";
    .port_info 2 /INPUT 1 "start";
    .port_info 3 /OUTPUT 1 "busy";
    .port_info 4 /OUTPUT 1 "valid";
    .port_info 5 /INPUT 32 "inst";
    .port_info 6 /OUTPUT 10 "bram0_addrb";
    .port_info 7 /OUTPUT 1 "bram0_enb";
    .port_info 8 /OUTPUT 10 "bram1_addrb";
    .port_info 9 /OUTPUT 4 "bram1_web";
    .port_info 10 /OUTPUT 1 "bram1_enb";
    .port_info 11 /OUTPUT 4 "dsp_alumode";
    .port_info 12 /OUTPUT 7 "dsp_opmode";
    .port_info 13 /OUTPUT 5 "dsp_inmode";
P_00000000001ccec0 .param/l "DONE" 0 3 28, +C4<00000000000000000000000000000100>;
P_00000000001ccef8 .param/l "DSPLatency" 0 3 2, +C4<00000000000000000000000000000011>;
P_00000000001ccf30 .param/l "EXE" 0 3 26, +C4<00000000000000000000000000000010>;
P_00000000001ccf68 .param/l "IDLE" 0 3 24, +C4<00000000000000000000000000000000>;
P_00000000001ccfa0 .param/l "READ" 0 3 25, +C4<00000000000000000000000000000001>;
P_00000000001ccfd8 .param/l "WRITE" 0 3 27, +C4<00000000000000000000000000000011>;
v0000000000870bc0_0 .net *"_s0", 31 0, L_00000000008d8630;  1 drivers
L_00000000008da8f8 .functor BUFT 1, C4<00000000000000000000000000000>, C4<0>, C4<0>, C4<0>;
v0000000000870e40_0 .net *"_s11", 28 0, L_00000000008da8f8;  1 drivers
L_00000000008da940 .functor BUFT 1, C4<00000000000000000000000000000100>, C4<0>, C4<0>, C4<0>;
v0000000000870da0_0 .net/2u *"_s12", 31 0, L_00000000008da940;  1 drivers
L_00000000008da868 .functor BUFT 1, C4<00000000000000000000000000000>, C4<0>, C4<0>, C4<0>;
v0000000000870a80_0 .net *"_s3", 28 0, L_00000000008da868;  1 drivers
L_00000000008da8b0 .functor BUFT 1, C4<00000000000000000000000000000000>, C4<0>, C4<0>, C4<0>;
v0000000000871660_0 .net/2u *"_s4", 31 0, L_00000000008da8b0;  1 drivers
v0000000000870c60_0 .net *"_s8", 31 0, L_00000000008d92b0;  1 drivers
v0000000000871020_0 .var "bram0_addrb", 9 0;
v00000000008713e0_0 .var "bram0_enb", 0 0;
v0000000000870b20_0 .var "bram1_addrb", 9 0;
v0000000000870d00_0 .var "bram1_enb", 0 0;
v0000000000871520_0 .var "bram1_web", 3 0;
v0000000000870ee0_0 .net "busy", 0 0, L_00000000008d90d0;  alias, 1 drivers
v0000000000870f80_0 .net "clk", 0 0, v00000000008d86d0_0;  1 drivers
v0000000000871480_0 .var "cnt", 1 0;
v00000000008717a0_0 .var "cs", 2 0;
v00000000008710c0_0 .var "dsp_alumode", 3 0;
v0000000000871160_0 .var "dsp_inmode", 4 0;
v00000000008715c0_0 .var "dsp_opmode", 6 0;
v0000000000871200_0 .net "inst", 31 0, v00000000008d8590_0;  1 drivers
v00000000008712a0_0 .var "inst_reg", 30 0;
v0000000000871340_0 .var "ns", 2 0;
v0000000000871700_0 .net "rst_n", 0 0, v00000000008d8270_0;  1 drivers
v0000000000871840_0 .net "start", 0 0, v00000000008d9ad0_0;  1 drivers
v0000000000870940_0 .net "valid", 0 0, L_00000000008d9490;  alias, 1 drivers
E_000000000086c9b0 .event edge, v00000000008717a0_0, v00000000008712a0_0;
E_000000000086d4f0 .event posedge, v0000000000870f80_0;
E_000000000086ce30 .event edge, v00000000008717a0_0, v0000000000871840_0, v0000000000871200_0, v0000000000871480_0;
L_00000000008d8630 .concat [ 3 29 0 0], v00000000008717a0_0, L_00000000008da868;
L_00000000008d90d0 .cmp/ne 32, L_00000000008d8630, L_00000000008da8b0;
L_00000000008d92b0 .concat [ 3 29 0 0], v00000000008717a0_0, L_00000000008da8f8;
L_00000000008d9490 .cmp/eq 32, L_00000000008d92b0, L_00000000008da940;
    .scope S_0000000000883d30;
T_0 ;
    %wait E_000000000086d4f0;
    %load/vec4 v0000000000871700_0;
    %nor/r;
    %flag_set/vec4 8;
    %jmp/0xz  T_0.0, 8;
    %pushi/vec4 0, 0, 31;
    %assign/vec4 v00000000008712a0_0, 0;
    %jmp T_0.1;
T_0.0 ;
    %load/vec4 v00000000008717a0_0;
    %pad/u 32;
    %pushi/vec4 0, 0, 32;
    %cmp/e;
    %flag_get/vec4 4;
    %load/vec4 v0000000000871840_0;
    %and;
    %flag_set/vec4 8;
    %jmp/0xz  T_0.2, 8;
    %load/vec4 v0000000000871200_0;
    %parti/s 31, 0, 2;
    %assign/vec4 v00000000008712a0_0, 0;
T_0.2 ;
T_0.1 ;
    %jmp T_0;
    .thread T_0;
    .scope S_0000000000883d30;
T_1 ;
    %wait E_000000000086d4f0;
    %load/vec4 v0000000000871700_0;
    %nor/r;
    %flag_set/vec4 8;
    %jmp/0xz  T_1.0, 8;
    %pushi/vec4 0, 0, 3;
    %assign/vec4 v00000000008717a0_0, 0;
    %jmp T_1.1;
T_1.0 ;
    %load/vec4 v0000000000871340_0;
    %assign/vec4 v00000000008717a0_0, 0;
T_1.1 ;
    %jmp T_1;
    .thread T_1;
    .scope S_0000000000883d30;
T_2 ;
    %wait E_000000000086ce30;
    %load/vec4 v00000000008717a0_0;
    %dup/vec4;
    %pushi/vec4 0, 0, 3;
    %cmp/u;
    %jmp/1 T_2.0, 6;
    %dup/vec4;
    %pushi/vec4 1, 0, 3;
    %cmp/u;
    %jmp/1 T_2.1, 6;
    %dup/vec4;
    %pushi/vec4 2, 0, 3;
    %cmp/u;
    %jmp/1 T_2.2, 6;
    %dup/vec4;
    %pushi/vec4 3, 0, 3;
    %cmp/u;
    %jmp/1 T_2.3, 6;
    %dup/vec4;
    %pushi/vec4 4, 0, 3;
    %cmp/u;
    %jmp/1 T_2.4, 6;
    %pushi/vec4 0, 0, 3;
    %store/vec4 v0000000000871340_0, 0, 3;
    %jmp T_2.6;
T_2.0 ;
    %load/vec4 v0000000000871840_0;
    %flag_set/vec4 8;
    %jmp/0 T_2.7, 8;
    %load/vec4 v0000000000871200_0;
    %parti/s 1, 31, 6;
    %flag_set/vec4 9;
    %jmp/0 T_2.9, 9;
    %pushi/vec4 1, 0, 32;
    %jmp/1 T_2.10, 9;
T_2.9 ; End of true expr.
    %pushi/vec4 4, 0, 32;
    %jmp/0 T_2.10, 9;
 ; End of false expr.
    %blend;
T_2.10;
    %jmp/1 T_2.8, 8;
T_2.7 ; End of true expr.
    %pushi/vec4 0, 0, 32;
    %jmp/0 T_2.8, 8;
 ; End of false expr.
    %blend;
T_2.8;
    %pad/s 3;
    %store/vec4 v0000000000871340_0, 0, 3;
    %jmp T_2.6;
T_2.1 ;
    %pushi/vec4 2, 0, 3;
    %store/vec4 v0000000000871340_0, 0, 3;
    %jmp T_2.6;
T_2.2 ;
    %load/vec4 v0000000000871480_0;
    %pad/u 32;
    %cmpi/e 2, 0, 32;
    %flag_mov 8, 4;
    %jmp/0 T_2.11, 8;
    %pushi/vec4 3, 0, 32;
    %jmp/1 T_2.12, 8;
T_2.11 ; End of true expr.
    %pushi/vec4 2, 0, 32;
    %jmp/0 T_2.12, 8;
 ; End of false expr.
    %blend;
T_2.12;
    %pad/s 3;
    %store/vec4 v0000000000871340_0, 0, 3;
    %jmp T_2.6;
T_2.3 ;
    %pushi/vec4 4, 0, 3;
    %store/vec4 v0000000000871340_0, 0, 3;
    %jmp T_2.6;
T_2.4 ;
    %pushi/vec4 0, 0, 3;
    %store/vec4 v0000000000871340_0, 0, 3;
    %jmp T_2.6;
T_2.6 ;
    %pop/vec4 1;
    %jmp T_2;
    .thread T_2, $push;
    .scope S_0000000000883d30;
T_3 ;
    %wait E_000000000086d4f0;
    %load/vec4 v0000000000871700_0;
    %nor/r;
    %flag_set/vec4 8;
    %jmp/0xz  T_3.0, 8;
    %pushi/vec4 0, 0, 2;
    %assign/vec4 v0000000000871480_0, 0;
T_3.0 ;
    %load/vec4 v00000000008717a0_0;
    %pad/u 32;
    %cmpi/e 2, 0, 32;
    %jmp/0xz  T_3.2, 4;
    %load/vec4 v0000000000871480_0;
    %pad/u 32;
    %cmpi/e 2, 0, 32;
    %flag_mov 8, 4;
    %jmp/0 T_3.4, 8;
    %pushi/vec4 0, 0, 2;
    %jmp/1 T_3.5, 8;
T_3.4 ; End of true expr.
    %load/vec4 v0000000000871480_0;
    %addi 1, 0, 2;
    %jmp/0 T_3.5, 8;
 ; End of false expr.
    %blend;
T_3.5;
    %assign/vec4 v0000000000871480_0, 0;
T_3.2 ;
    %jmp T_3;
    .thread T_3;
    .scope S_0000000000883d30;
T_4 ;
    %wait E_000000000086c9b0;
    %load/vec4 v00000000008717a0_0;
    %pad/u 32;
    %cmpi/e 1, 0, 32;
    %jmp/0xz  T_4.0, 4;
    %pushi/vec4 0, 0, 5;
    %load/vec4 v00000000008712a0_0;
    %parti/s 5, 0, 2;
    %concat/vec4; draw_concat_vec4
    %store/vec4 v0000000000871020_0, 0, 10;
    %pushi/vec4 1, 0, 1;
    %store/vec4 v00000000008713e0_0, 0, 1;
    %jmp T_4.1;
T_4.0 ;
    %pushi/vec4 0, 0, 10;
    %store/vec4 v0000000000871020_0, 0, 10;
    %pushi/vec4 0, 0, 1;
    %store/vec4 v00000000008713e0_0, 0, 1;
T_4.1 ;
    %jmp T_4;
    .thread T_4, $push;
    .scope S_0000000000883d30;
T_5 ;
    %wait E_000000000086c9b0;
    %load/vec4 v00000000008717a0_0;
    %pad/u 32;
    %cmpi/e 1, 0, 32;
    %jmp/0xz  T_5.0, 4;
    %pushi/vec4 0, 0, 5;
    %load/vec4 v00000000008712a0_0;
    %parti/s 5, 5, 4;
    %concat/vec4; draw_concat_vec4
    %store/vec4 v0000000000870b20_0, 0, 10;
    %pushi/vec4 0, 0, 4;
    %store/vec4 v0000000000871520_0, 0, 4;
    %pushi/vec4 1, 0, 1;
    %store/vec4 v0000000000870d00_0, 0, 1;
    %jmp T_5.1;
T_5.0 ;
    %load/vec4 v00000000008717a0_0;
    %pad/u 32;
    %cmpi/e 3, 0, 32;
    %jmp/0xz  T_5.2, 4;
    %pushi/vec4 0, 0, 5;
    %load/vec4 v00000000008712a0_0;
    %parti/s 5, 10, 5;
    %concat/vec4; draw_concat_vec4
    %store/vec4 v0000000000870b20_0, 0, 10;
    %pushi/vec4 15, 0, 4;
    %store/vec4 v0000000000871520_0, 0, 4;
    %pushi/vec4 0, 0, 1;
    %store/vec4 v0000000000870d00_0, 0, 1;
    %jmp T_5.3;
T_5.2 ;
    %pushi/vec4 0, 0, 10;
    %store/vec4 v0000000000870b20_0, 0, 10;
    %pushi/vec4 0, 0, 4;
    %store/vec4 v0000000000871520_0, 0, 4;
    %pushi/vec4 0, 0, 1;
    %store/vec4 v0000000000870d00_0, 0, 1;
T_5.3 ;
T_5.1 ;
    %jmp T_5;
    .thread T_5, $push;
    .scope S_0000000000883d30;
T_6 ;
    %wait E_000000000086c9b0;
    %load/vec4 v00000000008717a0_0;
    %pad/u 32;
    %cmpi/e 2, 0, 32;
    %jmp/0xz  T_6.0, 4;
    %load/vec4 v00000000008712a0_0;
    %parti/s 5, 15, 5;
    %store/vec4 v0000000000871160_0, 0, 5;
    %load/vec4 v00000000008712a0_0;
    %parti/s 7, 20, 6;
    %store/vec4 v00000000008715c0_0, 0, 7;
    %load/vec4 v00000000008712a0_0;
    %parti/s 4, 27, 6;
    %store/vec4 v00000000008710c0_0, 0, 4;
    %jmp T_6.1;
T_6.0 ;
    %pushi/vec4 0, 0, 5;
    %store/vec4 v0000000000871160_0, 0, 5;
    %pushi/vec4 0, 0, 7;
    %store/vec4 v00000000008715c0_0, 0, 7;
    %pushi/vec4 0, 0, 4;
    %store/vec4 v00000000008710c0_0, 0, 4;
T_6.1 ;
    %jmp T_6;
    .thread T_6, $push;
    .scope S_0000000000883ba0;
T_7 ;
    %delay 500, 0;
    %load/vec4 v00000000008d86d0_0;
    %inv;
    %store/vec4 v00000000008d86d0_0, 0, 1;
    %jmp T_7;
    .thread T_7;
    .scope S_0000000000883ba0;
T_8 ;
    %pushi/vec4 0, 0, 1;
    %store/vec4 v00000000008d86d0_0, 0, 1;
    %pushi/vec4 0, 0, 1;
    %store/vec4 v00000000008d8270_0, 0, 1;
    %pushi/vec4 0, 0, 1;
    %store/vec4 v00000000008d9ad0_0, 0, 1;
    %pushi/vec4 0, 0, 32;
    %store/vec4 v00000000008d8590_0, 0, 32;
    %delay 1300, 0;
    %pushi/vec4 1, 0, 1;
    %store/vec4 v00000000008d8270_0, 0, 1;
    %delay 1000, 0;
    %pushi/vec4 1, 0, 1;
    %store/vec4 v00000000008d9ad0_0, 0, 1;
    %pushi/vec4 2153286720, 0, 32;
    %store/vec4 v00000000008d8590_0, 0, 32;
    %delay 1000, 0;
    %pushi/vec4 0, 0, 1;
    %store/vec4 v00000000008d9ad0_0, 0, 1;
    %delay 1000000, 0;
    %vpi_call 2 38 "$finish" {0 0 0};
    %end;
    .thread T_8;
    .scope S_0000000000883ba0;
T_9 ;
    %vpi_call 2 43 "$dumpfile", "CTRL.vcd" {0 0 0};
    %vpi_call 2 44 "$dumpvars" {0 0 0};
    %end;
    .thread T_9;
# The file index is used to find the file name in the following table.
:file_names 4;
    "N/A";
    "<interactive>";
    "ctrl_tb.v";
    "controller.v";
